[0.008s] Invoking command in '/home/rwahib/the_hand_ws/build/the_hand_description': CMAKE_PREFIX_PATH=${CMAKE_PREFIX_PATH}:/opt/ros/jazzy CONDA_PROMPT_MODIFIER=(base) DEBUGINFOD_URLS=https://debuginfod.ubuntu.com /usr/bin/cmake /home/rwahib/the_hand_ws/src/the_hand_description -DCMAKE_INSTALL_PREFIX=/home/rwahib/the_hand_ws/install/the_hand_description
[0.019s] -- Found ament_cmake: 2.5.5 (/opt/ros/jazzy/share/ament_cmake/cmake)
[0.181s] -- Found ament_lint_auto: 0.17.4 (/opt/ros/jazzy/share/ament_lint_auto/cmake)
[0.279s] -- Added test 'lint_cmake' to check CMake code style
[0.281s] -- Added test 'xmllint' to check XML markup files
[0.281s] -- Configuring done (0.3s)
[0.284s] -- Generating done (0.0s)
[0.286s] -- Build files have been written to: /home/rwahib/the_hand_ws/build/the_hand_description
[0.288s] Invoked command in '/home/rwahib/the_hand_ws/build/the_hand_description' returned '0': CMAKE_PREFIX_PATH=${CMAKE_PREFIX_PATH}:/opt/ros/jazzy CONDA_PROMPT_MODIFIER=(base) DEBUGINFOD_URLS=https://debuginfod.ubuntu.com /usr/bin/cmake /home/rwahib/the_hand_ws/src/the_hand_description -DCMAKE_INSTALL_PREFIX=/home/rwahib/the_hand_ws/install/the_hand_description
[0.290s] Invoking command in '/home/rwahib/the_hand_ws/build/the_hand_description': CMAKE_PREFIX_PATH=${CMAKE_PREFIX_PATH}:/opt/ros/jazzy CONDA_PROMPT_MODIFIER=(base) DEBUGINFOD_URLS=https://debuginfod.ubuntu.com /usr/bin/cmake --build /home/rwahib/the_hand_ws/build/the_hand_description -- -j24 -l24
[0.325s] Invoked command in '/home/rwahib/the_hand_ws/build/the_hand_description' returned '0': CMAKE_PREFIX_PATH=${CMAKE_PREFIX_PATH}:/opt/ros/jazzy CONDA_PROMPT_MODIFIER=(base) DEBUGINFOD_URLS=https://debuginfod.ubuntu.com /usr/bin/cmake --build /home/rwahib/the_hand_ws/build/the_hand_description -- -j24 -l24
[0.335s] Invoking command in '/home/rwahib/the_hand_ws/build/the_hand_description': CMAKE_PREFIX_PATH=${CMAKE_PREFIX_PATH}:/opt/ros/jazzy CONDA_PROMPT_MODIFIER=(base) DEBUGINFOD_URLS=https://debuginfod.ubuntu.com /usr/bin/cmake --install /home/rwahib/the_hand_ws/build/the_hand_description
[0.344s] -- Install configuration: ""
[0.344s] -- Installing: /home/rwahib/the_hand_ws/install/the_hand_description/share/the_hand_description/urdf
[0.344s] -- Installing: /home/rwahib/the_hand_ws/install/the_hand_description/share/the_hand_description/urdf/the_hand.urdf.xacro
[0.344s] -- Installing: /home/rwahib/the_hand_ws/install/the_hand_description/share/the_hand_description/config
[0.344s] -- Installing: /home/rwahib/the_hand_ws/install/the_hand_description/share/the_hand_description/config/ros2_controllers.yaml
[0.344s] -- Installing: /home/rwahib/the_hand_ws/install/the_hand_description/share/ament_index/resource_index/package_run_dependencies/the_hand_description
[0.344s] -- Installing: /home/rwahib/the_hand_ws/install/the_hand_description/share/ament_index/resource_index/parent_prefix_path/the_hand_description
[0.344s] -- Installing: /home/rwahib/the_hand_ws/install/the_hand_description/share/the_hand_description/environment/ament_prefix_path.sh
[0.344s] -- Installing: /home/rwahib/the_hand_ws/install/the_hand_description/share/the_hand_description/environment/ament_prefix_path.dsv
[0.344s] -- Installing: /home/rwahib/the_hand_ws/install/the_hand_description/share/the_hand_description/environment/path.sh
[0.345s] -- Installing: /home/rwahib/the_hand_ws/install/the_hand_description/share/the_hand_description/environment/path.dsv
[0.345s] -- Installing: /home/rwahib/the_hand_ws/install/the_hand_description/share/the_hand_description/local_setup.bash
[0.345s] -- Installing: /home/rwahib/the_hand_ws/install/the_hand_description/share/the_hand_description/local_setup.sh
[0.345s] -- Installing: /home/rwahib/the_hand_ws/install/the_hand_description/share/the_hand_description/local_setup.zsh
[0.345s] -- Installing: /home/rwahib/the_hand_ws/install/the_hand_description/share/the_hand_description/local_setup.dsv
[0.345s] -- Installing: /home/rwahib/the_hand_ws/install/the_hand_description/share/the_hand_description/package.dsv
[0.345s] -- Installing: /home/rwahib/the_hand_ws/install/the_hand_description/share/ament_index/resource_index/packages/the_hand_description
[0.345s] -- Installing: /home/rwahib/the_hand_ws/install/the_hand_description/share/the_hand_description/cmake/the_hand_descriptionConfig.cmake
[0.345s] -- Installing: /home/rwahib/the_hand_ws/install/the_hand_description/share/the_hand_description/cmake/the_hand_descriptionConfig-version.cmake
[0.345s] -- Installing: /home/rwahib/the_hand_ws/install/the_hand_description/share/the_hand_description/package.xml
[0.347s] Invoked command in '/home/rwahib/the_hand_ws/build/the_hand_description' returned '0': CMAKE_PREFIX_PATH=${CMAKE_PREFIX_PATH}:/opt/ros/jazzy CONDA_PROMPT_MODIFIER=(base) DEBUGINFOD_URLS=https://debuginfod.ubuntu.com /usr/bin/cmake --install /home/rwahib/the_hand_ws/build/the_hand_description
