-- Install configuration: ""
-- Up-to-date: /home/rwahib/the_hand_ws/install/the_hand_description/share/the_hand_description/urdf
-- Up-to-date: /home/rwahib/the_hand_ws/install/the_hand_description/share/the_hand_description/urdf/the_hand.urdf.xacro
-- Up-to-date: /home/rwahib/the_hand_ws/install/the_hand_description/share/the_hand_description/config
-- Up-to-date: /home/rwahib/the_hand_ws/install/the_hand_description/share/the_hand_description/config/ros2_controllers.yaml
-- Installing: /home/rwahib/the_hand_ws/install/the_hand_description/share/the_hand_description/launch
-- Installing: /home/rwahib/the_hand_ws/install/the_hand_description/share/the_hand_description/launch/gazebo.launch.py
-- Up-to-date: /home/rwahib/the_hand_ws/install/the_hand_description/share/ament_index/resource_index/package_run_dependencies/the_hand_description
-- Up-to-date: /home/rwahib/the_hand_ws/install/the_hand_description/share/ament_index/resource_index/parent_prefix_path/the_hand_description
-- Up-to-date: /home/rwahib/the_hand_ws/install/the_hand_description/share/the_hand_description/environment/ament_prefix_path.sh
-- Up-to-date: /home/rwahib/the_hand_ws/install/the_hand_description/share/the_hand_description/environment/ament_prefix_path.dsv
-- Up-to-date: /home/rwahib/the_hand_ws/install/the_hand_description/share/the_hand_description/environment/path.sh
-- Up-to-date: /home/rwahib/the_hand_ws/install/the_hand_description/share/the_hand_description/environment/path.dsv
-- Up-to-date: /home/rwahib/the_hand_ws/install/the_hand_description/share/the_hand_description/local_setup.bash
-- Up-to-date: /home/rwahib/the_hand_ws/install/the_hand_description/share/the_hand_description/local_setup.sh
-- Up-to-date: /home/rwahib/the_hand_ws/install/the_hand_description/share/the_hand_description/local_setup.zsh
-- Up-to-date: /home/rwahib/the_hand_ws/install/the_hand_description/share/the_hand_description/local_setup.dsv
-- Up-to-date: /home/rwahib/the_hand_ws/install/the_hand_description/share/the_hand_description/package.dsv
-- Up-to-date: /home/rwahib/the_hand_ws/install/the_hand_description/share/ament_index/resource_index/packages/the_hand_description
-- Up-to-date: /home/rwahib/the_hand_ws/install/the_hand_description/share/the_hand_description/cmake/the_hand_descriptionConfig.cmake
-- Up-to-date: /home/rwahib/the_hand_ws/install/the_hand_description/share/the_hand_description/cmake/the_hand_descriptionConfig-version.cmake
-- Up-to-date: /home/rwahib/the_hand_ws/install/the_hand_description/share/the_hand_description/package.xml
