[0.006s] Invoking command in '/home/rwahib/the_hand_ws/build/the_hand_moveit': CMAKE_PREFIX_PATH=${CMAKE_PREFIX_PATH}:/opt/ros/jazzy CONDA_PROMPT_MODIFIER=(base) DEBUGINFOD_URLS=https://debuginfod.ubuntu.com /usr/bin/cmake /home/rwahib/the_hand_ws/src/the_hand_moveit -DCMAKE_INSTALL_PREFIX=/home/rwahib/the_hand_ws/install/the_hand_moveit
[0.095s] -- The C compiler identification is GNU 13.3.0
[0.178s] -- The CXX compiler identification is GNU 13.3.0
[0.199s] -- Detecting C compiler ABI info
[0.286s] -- Detecting C compiler ABI info - done
[0.296s] -- Check for working C compiler: /usr/bin/cc - skipped
[0.296s] -- Detecting C compile features
[0.297s] -- Detecting C compile features - done
[0.305s] -- Detecting CXX compiler ABI info
[0.392s] -- Detecting CXX compiler ABI info - done
[0.399s] -- Check for working CXX compiler: /usr/bin/c++ - skipped
[0.399s] -- Detecting CXX compile features
[0.399s] -- Detecting CXX compile features - done
[0.404s] -- Found ament_cmake: 2.5.5 (/opt/ros/jazzy/share/ament_cmake/cmake)
[0.517s] -- Found Python3: /home/rwahib/miniconda3/bin/python3 (found version "3.13.12") found components: Interpreter 
[0.703s] -- Configuring done (0.7s)
[0.705s] -- Generating done (0.0s)
[0.707s] -- Build files have been written to: /home/rwahib/the_hand_ws/build/the_hand_moveit
[0.713s] Invoked command in '/home/rwahib/the_hand_ws/build/the_hand_moveit' returned '0': CMAKE_PREFIX_PATH=${CMAKE_PREFIX_PATH}:/opt/ros/jazzy CONDA_PROMPT_MODIFIER=(base) DEBUGINFOD_URLS=https://debuginfod.ubuntu.com /usr/bin/cmake /home/rwahib/the_hand_ws/src/the_hand_moveit -DCMAKE_INSTALL_PREFIX=/home/rwahib/the_hand_ws/install/the_hand_moveit
[0.714s] Invoking command in '/home/rwahib/the_hand_ws/build/the_hand_moveit': CMAKE_PREFIX_PATH=${CMAKE_PREFIX_PATH}:/opt/ros/jazzy CONDA_PROMPT_MODIFIER=(base) DEBUGINFOD_URLS=https://debuginfod.ubuntu.com /usr/bin/cmake --build /home/rwahib/the_hand_ws/build/the_hand_moveit -- -j24 -l24
[0.752s] Invoked command in '/home/rwahib/the_hand_ws/build/the_hand_moveit' returned '0': CMAKE_PREFIX_PATH=${CMAKE_PREFIX_PATH}:/opt/ros/jazzy CONDA_PROMPT_MODIFIER=(base) DEBUGINFOD_URLS=https://debuginfod.ubuntu.com /usr/bin/cmake --build /home/rwahib/the_hand_ws/build/the_hand_moveit -- -j24 -l24
[0.753s] Invoking command in '/home/rwahib/the_hand_ws/build/the_hand_moveit': CMAKE_PREFIX_PATH=${CMAKE_PREFIX_PATH}:/opt/ros/jazzy CONDA_PROMPT_MODIFIER=(base) DEBUGINFOD_URLS=https://debuginfod.ubuntu.com /usr/bin/cmake --install /home/rwahib/the_hand_ws/build/the_hand_moveit
[0.760s] -- Install configuration: ""
[0.760s] -- Installing: /home/rwahib/the_hand_ws/install/the_hand_moveit/share/ament_index/resource_index/package_run_dependencies/the_hand_moveit
[0.761s] -- Installing: /home/rwahib/the_hand_ws/install/the_hand_moveit/share/ament_index/resource_index/parent_prefix_path/the_hand_moveit
[0.761s] -- Installing: /home/rwahib/the_hand_ws/install/the_hand_moveit/share/the_hand_moveit/environment/ament_prefix_path.sh
[0.761s] -- Installing: /home/rwahib/the_hand_ws/install/the_hand_moveit/share/the_hand_moveit/environment/ament_prefix_path.dsv
[0.761s] -- Installing: /home/rwahib/the_hand_ws/install/the_hand_moveit/share/the_hand_moveit/environment/path.sh
[0.761s] -- Installing: /home/rwahib/the_hand_ws/install/the_hand_moveit/share/the_hand_moveit/environment/path.dsv
[0.761s] -- Installing: /home/rwahib/the_hand_ws/install/the_hand_moveit/share/the_hand_moveit/local_setup.bash
[0.761s] -- Installing: /home/rwahib/the_hand_ws/install/the_hand_moveit/share/the_hand_moveit/local_setup.sh
[0.761s] -- Installing: /home/rwahib/the_hand_ws/install/the_hand_moveit/share/the_hand_moveit/local_setup.zsh
[0.761s] -- Installing: /home/rwahib/the_hand_ws/install/the_hand_moveit/share/the_hand_moveit/local_setup.dsv
[0.761s] -- Installing: /home/rwahib/the_hand_ws/install/the_hand_moveit/share/the_hand_moveit/package.dsv
[0.761s] -- Installing: /home/rwahib/the_hand_ws/install/the_hand_moveit/share/ament_index/resource_index/packages/the_hand_moveit
[0.761s] -- Installing: /home/rwahib/the_hand_ws/install/the_hand_moveit/share/the_hand_moveit/cmake/the_hand_moveitConfig.cmake
[0.761s] -- Installing: /home/rwahib/the_hand_ws/install/the_hand_moveit/share/the_hand_moveit/cmake/the_hand_moveitConfig-version.cmake
[0.761s] -- Installing: /home/rwahib/the_hand_ws/install/the_hand_moveit/share/the_hand_moveit/package.xml
[0.761s] -- Installing: /home/rwahib/the_hand_ws/install/the_hand_moveit/share/the_hand_moveit/launch
[0.761s] -- Installing: /home/rwahib/the_hand_ws/install/the_hand_moveit/share/the_hand_moveit/launch/warehouse_db.launch.py
[0.761s] -- Installing: /home/rwahib/the_hand_ws/install/the_hand_moveit/share/the_hand_moveit/launch/rsp.launch.py
[0.761s] -- Installing: /home/rwahib/the_hand_ws/install/the_hand_moveit/share/the_hand_moveit/launch/setup_assistant.launch.py
[0.761s] -- Installing: /home/rwahib/the_hand_ws/install/the_hand_moveit/share/the_hand_moveit/launch/static_virtual_joint_tfs.launch.py
[0.761s] -- Installing: /home/rwahib/the_hand_ws/install/the_hand_moveit/share/the_hand_moveit/launch/spawn_controllers.launch.py
[0.761s] -- Installing: /home/rwahib/the_hand_ws/install/the_hand_moveit/share/the_hand_moveit/launch/demo.launch.py
[0.761s] -- Installing: /home/rwahib/the_hand_ws/install/the_hand_moveit/share/the_hand_moveit/launch/move_group.launch.py
[0.762s] -- Installing: /home/rwahib/the_hand_ws/install/the_hand_moveit/share/the_hand_moveit/launch/moveit_rviz.launch.py
[0.762s] -- Installing: /home/rwahib/the_hand_ws/install/the_hand_moveit/share/the_hand_moveit/config
[0.762s] -- Installing: /home/rwahib/the_hand_ws/install/the_hand_moveit/share/the_hand_moveit/config/kinematics.yaml
[0.762s] -- Installing: /home/rwahib/the_hand_ws/install/the_hand_moveit/share/the_hand_moveit/config/joint_limits.yaml
[0.762s] -- Installing: /home/rwahib/the_hand_ws/install/the_hand_moveit/share/the_hand_moveit/config/ros2_controllers.yaml
[0.762s] -- Installing: /home/rwahib/the_hand_ws/install/the_hand_moveit/share/the_hand_moveit/config/pilz_cartesian_limits.yaml
[0.762s] -- Installing: /home/rwahib/the_hand_ws/install/the_hand_moveit/share/the_hand_moveit/config/moveit.rviz
[0.762s] -- Installing: /home/rwahib/the_hand_ws/install/the_hand_moveit/share/the_hand_moveit/config/the_hand.srdf
[0.762s] -- Installing: /home/rwahib/the_hand_ws/install/the_hand_moveit/share/the_hand_moveit/.setup_assistant
[0.763s] Invoked command in '/home/rwahib/the_hand_ws/build/the_hand_moveit' returned '0': CMAKE_PREFIX_PATH=${CMAKE_PREFIX_PATH}:/opt/ros/jazzy CONDA_PROMPT_MODIFIER=(base) DEBUGINFOD_URLS=https://debuginfod.ubuntu.com /usr/bin/cmake --install /home/rwahib/the_hand_ws/build/the_hand_moveit
