-- Install configuration: ""
-- Up-to-date: /home/rwahib/the_hand_ws/install/the_hand_moveit/share/ament_index/resource_index/package_run_dependencies/the_hand_moveit
-- Up-to-date: /home/rwahib/the_hand_ws/install/the_hand_moveit/share/ament_index/resource_index/parent_prefix_path/the_hand_moveit
-- Up-to-date: /home/rwahib/the_hand_ws/install/the_hand_moveit/share/the_hand_moveit/environment/ament_prefix_path.sh
-- Up-to-date: /home/rwahib/the_hand_ws/install/the_hand_moveit/share/the_hand_moveit/environment/ament_prefix_path.dsv
-- Up-to-date: /home/rwahib/the_hand_ws/install/the_hand_moveit/share/the_hand_moveit/environment/path.sh
-- Up-to-date: /home/rwahib/the_hand_ws/install/the_hand_moveit/share/the_hand_moveit/environment/path.dsv
-- Up-to-date: /home/rwahib/the_hand_ws/install/the_hand_moveit/share/the_hand_moveit/local_setup.bash
-- Up-to-date: /home/rwahib/the_hand_ws/install/the_hand_moveit/share/the_hand_moveit/local_setup.sh
-- Up-to-date: /home/rwahib/the_hand_ws/install/the_hand_moveit/share/the_hand_moveit/local_setup.zsh
-- Up-to-date: /home/rwahib/the_hand_ws/install/the_hand_moveit/share/the_hand_moveit/local_setup.dsv
-- Installing: /home/rwahib/the_hand_ws/install/the_hand_moveit/share/the_hand_moveit/package.dsv
-- Up-to-date: /home/rwahib/the_hand_ws/install/the_hand_moveit/share/ament_index/resource_index/packages/the_hand_moveit
-- Up-to-date: /home/rwahib/the_hand_ws/install/the_hand_moveit/share/the_hand_moveit/cmake/the_hand_moveitConfig.cmake
-- Up-to-date: /home/rwahib/the_hand_ws/install/the_hand_moveit/share/the_hand_moveit/cmake/the_hand_moveitConfig-version.cmake
-- Up-to-date: /home/rwahib/the_hand_ws/install/the_hand_moveit/share/the_hand_moveit/package.xml
-- Up-to-date: /home/rwahib/the_hand_ws/install/the_hand_moveit/share/the_hand_moveit/launch
-- Up-to-date: /home/rwahib/the_hand_ws/install/the_hand_moveit/share/the_hand_moveit/launch/warehouse_db.launch.py
-- Up-to-date: /home/rwahib/the_hand_ws/install/the_hand_moveit/share/the_hand_moveit/launch/rsp.launch.py
-- Up-to-date: /home/rwahib/the_hand_ws/install/the_hand_moveit/share/the_hand_moveit/launch/setup_assistant.launch.py
-- Up-to-date: /home/rwahib/the_hand_ws/install/the_hand_moveit/share/the_hand_moveit/launch/static_virtual_joint_tfs.launch.py
-- Up-to-date: /home/rwahib/the_hand_ws/install/the_hand_moveit/share/the_hand_moveit/launch/spawn_controllers.launch.py
-- Up-to-date: /home/rwahib/the_hand_ws/install/the_hand_moveit/share/the_hand_moveit/launch/demo.launch.py
-- Up-to-date: /home/rwahib/the_hand_ws/install/the_hand_moveit/share/the_hand_moveit/launch/move_group.launch.py
-- Up-to-date: /home/rwahib/the_hand_ws/install/the_hand_moveit/share/the_hand_moveit/launch/moveit_rviz.launch.py
-- Up-to-date: /home/rwahib/the_hand_ws/install/the_hand_moveit/share/the_hand_moveit/config
-- Up-to-date: /home/rwahib/the_hand_ws/install/the_hand_moveit/share/the_hand_moveit/config/kinematics.yaml
-- Installing: /home/rwahib/the_hand_ws/install/the_hand_moveit/share/the_hand_moveit/config/joint_limits.yaml
-- Up-to-date: /home/rwahib/the_hand_ws/install/the_hand_moveit/share/the_hand_moveit/config/moveit_controllers.yaml
-- Up-to-date: /home/rwahib/the_hand_ws/install/the_hand_moveit/share/the_hand_moveit/config/ros2_controllers.yaml
-- Up-to-date: /home/rwahib/the_hand_ws/install/the_hand_moveit/share/the_hand_moveit/config/pilz_cartesian_limits.yaml
-- Up-to-date: /home/rwahib/the_hand_ws/install/the_hand_moveit/share/the_hand_moveit/config/moveit.rviz
-- Up-to-date: /home/rwahib/the_hand_ws/install/the_hand_moveit/share/the_hand_moveit/config/ompl_planning.yaml
-- Up-to-date: /home/rwahib/the_hand_ws/install/the_hand_moveit/share/the_hand_moveit/config/the_hand.srdf
-- Up-to-date: /home/rwahib/the_hand_ws/install/the_hand_moveit/share/the_hand_moveit/config/sensors_3d.yaml
-- Up-to-date: /home/rwahib/the_hand_ws/install/the_hand_moveit/share/the_hand_moveit/.setup_assistant
